Traceback (most recent call last):
  File "/Users/maxime.pierre/FENixCSx/.venv/lib/python3.13/site-packages/jupyter_cache/executors/utils.py", line 58, in single_nb_execution
    executenb(
    ~~~~~~~~~^
        nb,
        ^^^
    ...<4 lines>...
        **kwargs,
        ^^^^^^^^^
    )
    ^
  File "/Users/maxime.pierre/FENixCSx/.venv/lib/python3.13/site-packages/nbclient/client.py", line 1319, in execute
    return NotebookClient(nb=nb, resources=resources, km=km, **kwargs).execute()
           ~~~~~~~~~~~~~~~~~~~~~~~~~~~~~~~~~~~~~~~~~~~~~~~~~~~~~~~~~~~~~~~~~~~^^
  File "/Users/maxime.pierre/FENixCSx/.venv/lib/python3.13/site-packages/jupyter_core/utils/__init__.py", line 165, in wrapped
    return loop.run_until_complete(inner)
           ~~~~~~~~~~~~~~~~~~~~~~~^^^^^^^
  File "/nix/store/klq7f8aricx6ky3c8acys5v3rd3ryivh-python3-3.13.1/lib/python3.13/asyncio/base_events.py", line 720, in run_until_complete
    return future.result()
           ~~~~~~~~~~~~~^^
  File "/Users/maxime.pierre/FENixCSx/.venv/lib/python3.13/site-packages/nbclient/client.py", line 709, in async_execute
    await self.async_execute_cell(
        cell, index, execution_count=self.code_cells_executed + 1
    )
  File "/Users/maxime.pierre/FENixCSx/.venv/lib/python3.13/site-packages/nbclient/client.py", line 1062, in async_execute_cell
    await self._check_raise_for_error(cell, cell_index, exec_reply)
  File "/Users/maxime.pierre/FENixCSx/.venv/lib/python3.13/site-packages/nbclient/client.py", line 918, in _check_raise_for_error
    raise CellExecutionError.from_cell_and_msg(cell, exec_reply_content)
nbclient.exceptions.CellExecutionError: An error occurred while executing the following cell:
------------------
# Material properties
E = 1.5e11
nu = 0.3
pc0 = -30e6
h = 250.0
ft = 0.1
M = 1.5

C = stiffness_tensor(*lame(E,nu))

# Load step
deps_all = [np.zeros(6), *[np.array([0.0,0.0,0.0,0.0,0.0,np.sqrt(2)*2e-5]) for i in range(10)]]
#deps_all = [ np.zeros(6) for i in range(100) ]
#dsig_all = np.diff(sig, axis=0).copy()
dsig_all = [np.array([-7.5e6, -7.5e6, -7.5e6, 0.0, 0.0, 0.0]), *[np.zeros(6) for i in range(10)]]

sig_tol = abs(np.linalg.norm(dsig_all[0])/1e8)

# Initial values
eps = [np.zeros(6)]
eps_el = [np.zeros(6)]
sig = [np.zeros(6)]
lam = [0.0]
pc = [pc0]

I4 = np.diag(np.ones(6))

def integrator_with_tangent(eps, deps, eps_el, lam, pc):
    eps += deps.copy()
    sig_trial = np.dot(C, eps)
    if yield_function(sig_trial, pc, ft*pc, M) <= 0:
        eps_el += deps.copy()
        return eps, eps_el, lam, pc, C
    else:
        f = lambda X : F(X, np.dot(C, eps_el), pc/E, M, ft, deps, C, h)
        dX = newton_method(f, lambda X : numerical_J(X, f, 1e-10), np.zeros(8), 1e-15)
        deps_el = dX[:6].copy()
        dlam = dX[6].copy()
        dpc = E*dX[7].copy()
        jacobian = numerical_J(dX, lambda X : F(X, np.dot(C, eps_el+deps_el), (pc+dpc)/E, M, ft, deps, C, h), 1e-10)
        j_inv_eps_el = np.linalg.inv(jacobian)[:6,:6].copy()
        dsig_ddeps = np.dot( C, j_inv_eps_el ).copy()
        return eps, eps_el+deps_el, lam+dlam, pc+dpc, dsig_ddeps

for i in range(len(deps_all)):
    print("Load step", i+1)
    sig_ = sig[-1].copy()
    sig_goal = sig_.copy() + dsig_all[i].copy()
    deps = deps_all[i].copy()
    eps_, eps_el_, lam_, pc_, dsig_ddeps = integrator_with_tangent(eps[-1].copy(), deps.copy(), eps_el[-1].copy(), lam[-1], pc[-1])
    sig_ = np.dot(C, eps_el_).copy()
    #print("deps:",deps)
    j=0
    while np.linalg.norm(sig_goal[:3]-sig_[:3]) > 1e-3:
        j+=1
        eps_, eps_el_, lam_, pc_, dsig_ddeps = integrator_with_tangent(eps[-1].copy(), deps.copy(), eps_el[-1].copy(), lam[-1], pc[-1])
        sig_ = np.dot(C, eps_el_).copy()
        #print(i,"sig_:",sig_)
        #print(i,"sig_goal:",sig_goal)
        print(i, "C:",C)
        print(i, "dsig_ddeps:", dsig_ddeps)
        deps[:3] += np.dot(np.linalg.inv(dsig_ddeps)[:3,:3],(sig_goal-sig_)[:3]).copy()
        #print("Current epsilon")
        #print( eps[-1]+deps )
        #print("deps:",deps)
        if j>30:
            raise RuntimeError("Too many iterations")
    print(i, "sig_:", sig_)
    eps.append(eps_.copy())
    eps_el.append(eps_el_.copy())
    lam.append(lam_)
    pc.append(pc_)
    sig.append(np.dot(C,eps_el_).copy())
------------------

----- stdout -----
Load step 1
0 C: [[2.01923077e+11 8.65384615e+10 8.65384615e+10 0.00000000e+00
  0.00000000e+00 0.00000000e+00]
 [8.65384615e+10 2.01923077e+11 8.65384615e+10 0.00000000e+00
  0.00000000e+00 0.00000000e+00]
 [8.65384615e+10 8.65384615e+10 2.01923077e+11 0.00000000e+00
  0.00000000e+00 0.00000000e+00]
 [0.00000000e+00 0.00000000e+00 0.00000000e+00 1.15384615e+11
  0.00000000e+00 0.00000000e+00]
 [0.00000000e+00 0.00000000e+00 0.00000000e+00 0.00000000e+00
  1.15384615e+11 0.00000000e+00]
 [0.00000000e+00 0.00000000e+00 0.00000000e+00 0.00000000e+00
  0.00000000e+00 1.15384615e+11]]
0 dsig_ddeps: [[2.01923077e+11 8.65384615e+10 8.65384615e+10 0.00000000e+00
  0.00000000e+00 0.00000000e+00]
 [8.65384615e+10 2.01923077e+11 8.65384615e+10 0.00000000e+00
  0.00000000e+00 0.00000000e+00]
 [8.65384615e+10 8.65384615e+10 2.01923077e+11 0.00000000e+00
  0.00000000e+00 0.00000000e+00]
 [0.00000000e+00 0.00000000e+00 0.00000000e+00 1.15384615e+11
  0.00000000e+00 0.00000000e+00]
 [0.00000000e+00 0.00000000e+00 0.00000000e+00 0.00000000e+00
  1.15384615e+11 0.00000000e+00]
 [0.00000000e+00 0.00000000e+00 0.00000000e+00 0.00000000e+00
  0.00000000e+00 1.15384615e+11]]
0 C: [[2.01923077e+11 8.65384615e+10 8.65384615e+10 0.00000000e+00
  0.00000000e+00 0.00000000e+00]
 [8.65384615e+10 2.01923077e+11 8.65384615e+10 0.00000000e+00
  0.00000000e+00 0.00000000e+00]
 [8.65384615e+10 8.65384615e+10 2.01923077e+11 0.00000000e+00
  0.00000000e+00 0.00000000e+00]
 [0.00000000e+00 0.00000000e+00 0.00000000e+00 1.15384615e+11
  0.00000000e+00 0.00000000e+00]
 [0.00000000e+00 0.00000000e+00 0.00000000e+00 0.00000000e+00
  1.15384615e+11 0.00000000e+00]
 [0.00000000e+00 0.00000000e+00 0.00000000e+00 0.00000000e+00
  0.00000000e+00 1.15384615e+11]]
0 dsig_ddeps: [[2.01923077e+11 8.65384615e+10 8.65384615e+10 0.00000000e+00
  0.00000000e+00 0.00000000e+00]
 [8.65384615e+10 2.01923077e+11 8.65384615e+10 0.00000000e+00
  0.00000000e+00 0.00000000e+00]
 [8.65384615e+10 8.65384615e+10 2.01923077e+11 0.00000000e+00
  0.00000000e+00 0.00000000e+00]
 [0.00000000e+00 0.00000000e+00 0.00000000e+00 1.15384615e+11
  0.00000000e+00 0.00000000e+00]
 [0.00000000e+00 0.00000000e+00 0.00000000e+00 0.00000000e+00
  1.15384615e+11 0.00000000e+00]
 [0.00000000e+00 0.00000000e+00 0.00000000e+00 0.00000000e+00
  0.00000000e+00 1.15384615e+11]]
0 sig_: [-7500000. -7500000. -7500000.        0.        0.        0.]
Load step 2
1 sig_: [-7500000.         -7500000.         -7500000.                0.
        0.          3263569.75932253]
Load step 3
2 sig_: [-7500000.         -7500000.         -7500000.                0.
        0.          6527139.51864506]
Load step 4
3 sig_: [-7500000.         -7500000.         -7500000.                0.
        0.          9790709.27796758]
Load step 5
4 sig_: [-7500000.         -7500000.         -7500000.                0.
        0.         13054279.03729011]
Load step 6
5 sig_: [-7500000.         -7500000.         -7500000.                0.
        0.         16317848.79661264]
Load step 7
Newton solver: converged after 4 iterations.
Newton solver: converged after 4 iterations.
6 C: [[2.01923077e+11 8.65384615e+10 8.65384615e+10 0.00000000e+00
  0.00000000e+00 0.00000000e+00]
 [8.65384615e+10 2.01923077e+11 8.65384615e+10 0.00000000e+00
  0.00000000e+00 0.00000000e+00]
 [8.65384615e+10 8.65384615e+10 2.01923077e+11 0.00000000e+00
  0.00000000e+00 0.00000000e+00]
 [0.00000000e+00 0.00000000e+00 0.00000000e+00 1.15384615e+11
  0.00000000e+00 0.00000000e+00]
 [0.00000000e+00 0.00000000e+00 0.00000000e+00 0.00000000e+00
  1.15384615e+11 0.00000000e+00]
 [0.00000000e+00 0.00000000e+00 0.00000000e+00 0.00000000e+00
  0.00000000e+00 1.15384615e+11]]
6 dsig_ddeps: [[ 1.78478773e+11  6.63691575e+10  6.63691575e+10  0.00000000e+00
   0.00000000e+00 -3.91265260e+10]
 [ 6.63691575e+10  1.78478773e+11  6.63691575e+10  0.00000000e+00
   0.00000000e+00 -3.91265260e+10]
 [ 6.63691575e+10  6.63691575e+10  1.78478773e+11  0.00000000e+00
   0.00000000e+00 -3.91265260e+10]
 [ 0.00000000e+00  0.00000000e+00  0.00000000e+00  1.12109616e+11
   0.00000000e+00  0.00000000e+00]
 [ 0.00000000e+00  0.00000000e+00  0.00000000e+00  0.00000000e+00
   1.12109616e+11  0.00000000e+00]
 [-3.93141420e+10 -3.93141420e+10 -3.93141420e+10  0.00000000e+00
   0.00000000e+00  1.35244210e+10]]
6 C: [[2.01923077e+11 8.65384615e+10 8.65384615e+10 0.00000000e+00
  0.00000000e+00 0.00000000e+00]
 [8.65384615e+10 2.01923077e+11 8.65384615e+10 0.00000000e+00
  0.00000000e+00 0.00000000e+00]
 [8.65384615e+10 8.65384615e+10 2.01923077e+11 0.00000000e+00
  0.00000000e+00 0.00000000e+00]
 [0.00000000e+00 0.00000000e+00 0.00000000e+00 1.15384615e+11
  0.00000000e+00 0.00000000e+00]
 [0.00000000e+00 0.00000000e+00 0.00000000e+00 0.00000000e+00
  1.15384615e+11 0.00000000e+00]
 [0.00000000e+00 0.00000000e+00 0.00000000e+00 0.00000000e+00
  0.00000000e+00 1.15384615e+11]]
6 dsig_ddeps: [[2.01923077e+11 8.65384615e+10 8.65384615e+10 0.00000000e+00
  0.00000000e+00 0.00000000e+00]
 [8.65384615e+10 2.01923077e+11 8.65384615e+10 0.00000000e+00
  0.00000000e+00 0.00000000e+00]
 [8.65384615e+10 8.65384615e+10 2.01923077e+11 0.00000000e+00
  0.00000000e+00 0.00000000e+00]
 [0.00000000e+00 0.00000000e+00 0.00000000e+00 1.15384615e+11
  0.00000000e+00 0.00000000e+00]
 [0.00000000e+00 0.00000000e+00 0.00000000e+00 0.00000000e+00
  1.15384615e+11 0.00000000e+00]
 [0.00000000e+00 0.00000000e+00 0.00000000e+00 0.00000000e+00
  0.00000000e+00 1.15384615e+11]]
Newton solver: converged after 4 iterations.
6 C: [[2.01923077e+11 8.65384615e+10 8.65384615e+10 0.00000000e+00
  0.00000000e+00 0.00000000e+00]
 [8.65384615e+10 2.01923077e+11 8.65384615e+10 0.00000000e+00
  0.00000000e+00 0.00000000e+00]
 [8.65384615e+10 8.65384615e+10 2.01923077e+11 0.00000000e+00
  0.00000000e+00 0.00000000e+00]
 [0.00000000e+00 0.00000000e+00 0.00000000e+00 1.15384615e+11
  0.00000000e+00 0.00000000e+00]
 [0.00000000e+00 0.00000000e+00 0.00000000e+00 0.00000000e+00
  1.15384615e+11 0.00000000e+00]
 [0.00000000e+00 0.00000000e+00 0.00000000e+00 0.00000000e+00
  0.00000000e+00 1.15384615e+11]]
6 dsig_ddeps: [[ 1.78478773e+11  6.63691575e+10  6.63691575e+10  0.00000000e+00
   0.00000000e+00 -3.91265260e+10]
 [ 6.63691575e+10  1.78478773e+11  6.63691575e+10  0.00000000e+00
   0.00000000e+00 -3.91265260e+10]
 [ 6.63691575e+10  6.63691575e+10  1.78478773e+11  0.00000000e+00
   0.00000000e+00 -3.91265260e+10]
 [ 0.00000000e+00  0.00000000e+00  0.00000000e+00  1.12109616e+11
   0.00000000e+00  0.00000000e+00]
 [ 0.00000000e+00  0.00000000e+00  0.00000000e+00  0.00000000e+00
   1.12109616e+11  0.00000000e+00]
 [-3.93141420e+10 -3.93141420e+10 -3.93141420e+10  0.00000000e+00
   0.00000000e+00  1.35244210e+10]]
6 C: [[2.01923077e+11 8.65384615e+10 8.65384615e+10 0.00000000e+00
  0.00000000e+00 0.00000000e+00]
 [8.65384615e+10 2.01923077e+11 8.65384615e+10 0.00000000e+00
  0.00000000e+00 0.00000000e+00]
 [8.65384615e+10 8.65384615e+10 2.01923077e+11 0.00000000e+00
  0.00000000e+00 0.00000000e+00]
 [0.00000000e+00 0.00000000e+00 0.00000000e+00 1.15384615e+11
  0.00000000e+00 0.00000000e+00]
 [0.00000000e+00 0.00000000e+00 0.00000000e+00 0.00000000e+00
  1.15384615e+11 0.00000000e+00]
 [0.00000000e+00 0.00000000e+00 0.00000000e+00 0.00000000e+00
  0.00000000e+00 1.15384615e+11]]
6 dsig_ddeps: [[2.01923077e+11 8.65384615e+10 8.65384615e+10 0.00000000e+00
  0.00000000e+00 0.00000000e+00]
 [8.65384615e+10 2.01923077e+11 8.65384615e+10 0.00000000e+00
  0.00000000e+00 0.00000000e+00]
 [8.65384615e+10 8.65384615e+10 2.01923077e+11 0.00000000e+00
  0.00000000e+00 0.00000000e+00]
 [0.00000000e+00 0.00000000e+00 0.00000000e+00 1.15384615e+11
  0.00000000e+00 0.00000000e+00]
 [0.00000000e+00 0.00000000e+00 0.00000000e+00 0.00000000e+00
  1.15384615e+11 0.00000000e+00]
 [0.00000000e+00 0.00000000e+00 0.00000000e+00 0.00000000e+00
  0.00000000e+00 1.15384615e+11]]
Newton solver: converged after 4 iterations.
6 C: [[2.01923077e+11 8.65384615e+10 8.65384615e+10 0.00000000e+00
  0.00000000e+00 0.00000000e+00]
 [8.65384615e+10 2.01923077e+11 8.65384615e+10 0.00000000e+00
  0.00000000e+00 0.00000000e+00]
 [8.65384615e+10 8.65384615e+10 2.01923077e+11 0.00000000e+00
  0.00000000e+00 0.00000000e+00]
 [0.00000000e+00 0.00000000e+00 0.00000000e+00 1.15384615e+11
  0.00000000e+00 0.00000000e+00]
 [0.00000000e+00 0.00000000e+00 0.00000000e+00 0.00000000e+00
  1.15384615e+11 0.00000000e+00]
 [0.00000000e+00 0.00000000e+00 0.00000000e+00 0.00000000e+00
  0.00000000e+00 1.15384615e+11]]
6 dsig_ddeps: [[ 1.78478773e+11  6.63691575e+10  6.63691575e+10  0.00000000e+00
   0.00000000e+00 -3.91265260e+10]
 [ 6.63691575e+10  1.78478773e+11  6.63691575e+10  0.00000000e+00
   0.00000000e+00 -3.91265260e+10]
 [ 6.63691575e+10  6.63691575e+10  1.78478773e+11  0.00000000e+00
   0.00000000e+00 -3.91265260e+10]
 [ 0.00000000e+00  0.00000000e+00  0.00000000e+00  1.12109616e+11
   0.00000000e+00  0.00000000e+00]
 [ 0.00000000e+00  0.00000000e+00  0.00000000e+00  0.00000000e+00
   1.12109616e+11  0.00000000e+00]
 [-3.93141420e+10 -3.93141420e+10 -3.93141420e+10  0.00000000e+00
   0.00000000e+00  1.35244210e+10]]
6 C: [[2.01923077e+11 8.65384615e+10 8.65384615e+10 0.00000000e+00
  0.00000000e+00 0.00000000e+00]
 [8.65384615e+10 2.01923077e+11 8.65384615e+10 0.00000000e+00
  0.00000000e+00 0.00000000e+00]
 [8.65384615e+10 8.65384615e+10 2.01923077e+11 0.00000000e+00
  0.00000000e+00 0.00000000e+00]
 [0.00000000e+00 0.00000000e+00 0.00000000e+00 1.15384615e+11
  0.00000000e+00 0.00000000e+00]
 [0.00000000e+00 0.00000000e+00 0.00000000e+00 0.00000000e+00
  1.15384615e+11 0.00000000e+00]
 [0.00000000e+00 0.00000000e+00 0.00000000e+00 0.00000000e+00
  0.00000000e+00 1.15384615e+11]]
6 dsig_ddeps: [[2.01923077e+11 8.65384615e+10 8.65384615e+10 0.00000000e+00
  0.00000000e+00 0.00000000e+00]
 [8.65384615e+10 2.01923077e+11 8.65384615e+10 0.00000000e+00
  0.00000000e+00 0.00000000e+00]
 [8.65384615e+10 8.65384615e+10 2.01923077e+11 0.00000000e+00
  0.00000000e+00 0.00000000e+00]
 [0.00000000e+00 0.00000000e+00 0.00000000e+00 1.15384615e+11
  0.00000000e+00 0.00000000e+00]
 [0.00000000e+00 0.00000000e+00 0.00000000e+00 0.00000000e+00
  1.15384615e+11 0.00000000e+00]
 [0.00000000e+00 0.00000000e+00 0.00000000e+00 0.00000000e+00
  0.00000000e+00 1.15384615e+11]]
Newton solver: converged after 4 iterations.
6 C: [[2.01923077e+11 8.65384615e+10 8.65384615e+10 0.00000000e+00
  0.00000000e+00 0.00000000e+00]
 [8.65384615e+10 2.01923077e+11 8.65384615e+10 0.00000000e+00
  0.00000000e+00 0.00000000e+00]
 [8.65384615e+10 8.65384615e+10 2.01923077e+11 0.00000000e+00
  0.00000000e+00 0.00000000e+00]
 [0.00000000e+00 0.00000000e+00 0.00000000e+00 1.15384615e+11
  0.00000000e+00 0.00000000e+00]
 [0.00000000e+00 0.00000000e+00 0.00000000e+00 0.00000000e+00
  1.15384615e+11 0.00000000e+00]
 [0.00000000e+00 0.00000000e+00 0.00000000e+00 0.00000000e+00
  0.00000000e+00 1.15384615e+11]]
6 dsig_ddeps: [[ 1.78478773e+11  6.63691575e+10  6.63691575e+10  0.00000000e+00
   0.00000000e+00 -3.91265260e+10]
 [ 6.63691575e+10  1.78478773e+11  6.63691575e+10  0.00000000e+00
   0.00000000e+00 -3.91265260e+10]
 [ 6.63691575e+10  6.63691575e+10  1.78478773e+11  0.00000000e+00
   0.00000000e+00 -3.91265260e+10]
 [ 0.00000000e+00  0.00000000e+00  0.00000000e+00  1.12109616e+11
   0.00000000e+00  0.00000000e+00]
 [ 0.00000000e+00  0.00000000e+00  0.00000000e+00  0.00000000e+00
   1.12109616e+11  0.00000000e+00]
 [-3.93141420e+10 -3.93141420e+10 -3.93141420e+10  0.00000000e+00
   0.00000000e+00  1.35244210e+10]]
6 C: [[2.01923077e+11 8.65384615e+10 8.65384615e+10 0.00000000e+00
  0.00000000e+00 0.00000000e+00]
 [8.65384615e+10 2.01923077e+11 8.65384615e+10 0.00000000e+00
  0.00000000e+00 0.00000000e+00]
 [8.65384615e+10 8.65384615e+10 2.01923077e+11 0.00000000e+00
  0.00000000e+00 0.00000000e+00]
 [0.00000000e+00 0.00000000e+00 0.00000000e+00 1.15384615e+11
  0.00000000e+00 0.00000000e+00]
 [0.00000000e+00 0.00000000e+00 0.00000000e+00 0.00000000e+00
  1.15384615e+11 0.00000000e+00]
 [0.00000000e+00 0.00000000e+00 0.00000000e+00 0.00000000e+00
  0.00000000e+00 1.15384615e+11]]
6 dsig_ddeps: [[2.01923077e+11 8.65384615e+10 8.65384615e+10 0.00000000e+00
  0.00000000e+00 0.00000000e+00]
 [8.65384615e+10 2.01923077e+11 8.65384615e+10 0.00000000e+00
  0.00000000e+00 0.00000000e+00]
 [8.65384615e+10 8.65384615e+10 2.01923077e+11 0.00000000e+00
  0.00000000e+00 0.00000000e+00]
 [0.00000000e+00 0.00000000e+00 0.00000000e+00 1.15384615e+11
  0.00000000e+00 0.00000000e+00]
 [0.00000000e+00 0.00000000e+00 0.00000000e+00 0.00000000e+00
  1.15384615e+11 0.00000000e+00]
 [0.00000000e+00 0.00000000e+00 0.00000000e+00 0.00000000e+00
  0.00000000e+00 1.15384615e+11]]
Newton solver: converged after 4 iterations.
6 C: [[2.01923077e+11 8.65384615e+10 8.65384615e+10 0.00000000e+00
  0.00000000e+00 0.00000000e+00]
 [8.65384615e+10 2.01923077e+11 8.65384615e+10 0.00000000e+00
  0.00000000e+00 0.00000000e+00]
 [8.65384615e+10 8.65384615e+10 2.01923077e+11 0.00000000e+00
  0.00000000e+00 0.00000000e+00]
 [0.00000000e+00 0.00000000e+00 0.00000000e+00 1.15384615e+11
  0.00000000e+00 0.00000000e+00]
 [0.00000000e+00 0.00000000e+00 0.00000000e+00 0.00000000e+00
  1.15384615e+11 0.00000000e+00]
 [0.00000000e+00 0.00000000e+00 0.00000000e+00 0.00000000e+00
  0.00000000e+00 1.15384615e+11]]
6 dsig_ddeps: [[ 1.78478773e+11  6.63691575e+10  6.63691575e+10  0.00000000e+00
   0.00000000e+00 -3.91265260e+10]
 [ 6.63691575e+10  1.78478773e+11  6.63691575e+10  0.00000000e+00
   0.00000000e+00 -3.91265260e+10]
 [ 6.63691575e+10  6.63691575e+10  1.78478773e+11  0.00000000e+00
   0.00000000e+00 -3.91265260e+10]
 [ 0.00000000e+00  0.00000000e+00  0.00000000e+00  1.12109616e+11
   0.00000000e+00  0.00000000e+00]
 [ 0.00000000e+00  0.00000000e+00  0.00000000e+00  0.00000000e+00
   1.12109616e+11  0.00000000e+00]
 [-3.93141420e+10 -3.93141420e+10 -3.93141420e+10  0.00000000e+00
   0.00000000e+00  1.35244210e+10]]
6 C: [[2.01923077e+11 8.65384615e+10 8.65384615e+10 0.00000000e+00
  0.00000000e+00 0.00000000e+00]
 [8.65384615e+10 2.01923077e+11 8.65384615e+10 0.00000000e+00
  0.00000000e+00 0.00000000e+00]
 [8.65384615e+10 8.65384615e+10 2.01923077e+11 0.00000000e+00
  0.00000000e+00 0.00000000e+00]
 [0.00000000e+00 0.00000000e+00 0.00000000e+00 1.15384615e+11
  0.00000000e+00 0.00000000e+00]
 [0.00000000e+00 0.00000000e+00 0.00000000e+00 0.00000000e+00
  1.15384615e+11 0.00000000e+00]
 [0.00000000e+00 0.00000000e+00 0.00000000e+00 0.00000000e+00
  0.00000000e+00 1.15384615e+11]]
6 dsig_ddeps: [[2.01923077e+11 8.65384615e+10 8.65384615e+10 0.00000000e+00
  0.00000000e+00 0.00000000e+00]
 [8.65384615e+10 2.01923077e+11 8.65384615e+10 0.00000000e+00
  0.00000000e+00 0.00000000e+00]
 [8.65384615e+10 8.65384615e+10 2.01923077e+11 0.00000000e+00
  0.00000000e+00 0.00000000e+00]
 [0.00000000e+00 0.00000000e+00 0.00000000e+00 1.15384615e+11
  0.00000000e+00 0.00000000e+00]
 [0.00000000e+00 0.00000000e+00 0.00000000e+00 0.00000000e+00
  1.15384615e+11 0.00000000e+00]
 [0.00000000e+00 0.00000000e+00 0.00000000e+00 0.00000000e+00
  0.00000000e+00 1.15384615e+11]]
Newton solver: converged after 4 iterations.
6 C: [[2.01923077e+11 8.65384615e+10 8.65384615e+10 0.00000000e+00
  0.00000000e+00 0.00000000e+00]
 [8.65384615e+10 2.01923077e+11 8.65384615e+10 0.00000000e+00
  0.00000000e+00 0.00000000e+00]
 [8.65384615e+10 8.65384615e+10 2.01923077e+11 0.00000000e+00
  0.00000000e+00 0.00000000e+00]
 [0.00000000e+00 0.00000000e+00 0.00000000e+00 1.15384615e+11
  0.00000000e+00 0.00000000e+00]
 [0.00000000e+00 0.00000000e+00 0.00000000e+00 0.00000000e+00
  1.15384615e+11 0.00000000e+00]
 [0.00000000e+00 0.00000000e+00 0.00000000e+00 0.00000000e+00
  0.00000000e+00 1.15384615e+11]]
6 dsig_ddeps: [[ 1.78478773e+11  6.63691575e+10  6.63691575e+10  0.00000000e+00
   0.00000000e+00 -3.91265260e+10]
 [ 6.63691575e+10  1.78478773e+11  6.63691575e+10  0.00000000e+00
   0.00000000e+00 -3.91265260e+10]
 [ 6.63691575e+10  6.63691575e+10  1.78478773e+11  0.00000000e+00
   0.00000000e+00 -3.91265260e+10]
 [ 0.00000000e+00  0.00000000e+00  0.00000000e+00  1.12109616e+11
   0.00000000e+00  0.00000000e+00]
 [ 0.00000000e+00  0.00000000e+00  0.00000000e+00  0.00000000e+00
   1.12109616e+11  0.00000000e+00]
 [-3.93141420e+10 -3.93141420e+10 -3.93141420e+10  0.00000000e+00
   0.00000000e+00  1.35244210e+10]]
6 C: [[2.01923077e+11 8.65384615e+10 8.65384615e+10 0.00000000e+00
  0.00000000e+00 0.00000000e+00]
 [8.65384615e+10 2.01923077e+11 8.65384615e+10 0.00000000e+00
  0.00000000e+00 0.00000000e+00]
 [8.65384615e+10 8.65384615e+10 2.01923077e+11 0.00000000e+00
  0.00000000e+00 0.00000000e+00]
 [0.00000000e+00 0.00000000e+00 0.00000000e+00 1.15384615e+11
  0.00000000e+00 0.00000000e+00]
 [0.00000000e+00 0.00000000e+00 0.00000000e+00 0.00000000e+00
  1.15384615e+11 0.00000000e+00]
 [0.00000000e+00 0.00000000e+00 0.00000000e+00 0.00000000e+00
  0.00000000e+00 1.15384615e+11]]
6 dsig_ddeps: [[2.01923077e+11 8.65384615e+10 8.65384615e+10 0.00000000e+00
  0.00000000e+00 0.00000000e+00]
 [8.65384615e+10 2.01923077e+11 8.65384615e+10 0.00000000e+00
  0.00000000e+00 0.00000000e+00]
 [8.65384615e+10 8.65384615e+10 2.01923077e+11 0.00000000e+00
  0.00000000e+00 0.00000000e+00]
 [0.00000000e+00 0.00000000e+00 0.00000000e+00 1.15384615e+11
  0.00000000e+00 0.00000000e+00]
 [0.00000000e+00 0.00000000e+00 0.00000000e+00 0.00000000e+00
  1.15384615e+11 0.00000000e+00]
 [0.00000000e+00 0.00000000e+00 0.00000000e+00 0.00000000e+00
  0.00000000e+00 1.15384615e+11]]
Newton solver: converged after 4 iterations.
6 C: [[2.01923077e+11 8.65384615e+10 8.65384615e+10 0.00000000e+00
  0.00000000e+00 0.00000000e+00]
 [8.65384615e+10 2.01923077e+11 8.65384615e+10 0.00000000e+00
  0.00000000e+00 0.00000000e+00]
 [8.65384615e+10 8.65384615e+10 2.01923077e+11 0.00000000e+00
  0.00000000e+00 0.00000000e+00]
 [0.00000000e+00 0.00000000e+00 0.00000000e+00 1.15384615e+11
  0.00000000e+00 0.00000000e+00]
 [0.00000000e+00 0.00000000e+00 0.00000000e+00 0.00000000e+00
  1.15384615e+11 0.00000000e+00]
 [0.00000000e+00 0.00000000e+00 0.00000000e+00 0.00000000e+00
  0.00000000e+00 1.15384615e+11]]
6 dsig_ddeps: [[ 1.78478773e+11  6.63691575e+10  6.63691575e+10  0.00000000e+00
   0.00000000e+00 -3.91265260e+10]
 [ 6.63691575e+10  1.78478773e+11  6.63691575e+10  0.00000000e+00
   0.00000000e+00 -3.91265260e+10]
 [ 6.63691575e+10  6.63691575e+10  1.78478773e+11  0.00000000e+00
   0.00000000e+00 -3.91265260e+10]
 [ 0.00000000e+00  0.00000000e+00  0.00000000e+00  1.12109616e+11
   0.00000000e+00  0.00000000e+00]
 [ 0.00000000e+00  0.00000000e+00  0.00000000e+00  0.00000000e+00
   1.12109616e+11  0.00000000e+00]
 [-3.93141420e+10 -3.93141420e+10 -3.93141420e+10  0.00000000e+00
   0.00000000e+00  1.35244210e+10]]
6 C: [[2.01923077e+11 8.65384615e+10 8.65384615e+10 0.00000000e+00
  0.00000000e+00 0.00000000e+00]
 [8.65384615e+10 2.01923077e+11 8.65384615e+10 0.00000000e+00
  0.00000000e+00 0.00000000e+00]
 [8.65384615e+10 8.65384615e+10 2.01923077e+11 0.00000000e+00
  0.00000000e+00 0.00000000e+00]
 [0.00000000e+00 0.00000000e+00 0.00000000e+00 1.15384615e+11
  0.00000000e+00 0.00000000e+00]
 [0.00000000e+00 0.00000000e+00 0.00000000e+00 0.00000000e+00
  1.15384615e+11 0.00000000e+00]
 [0.00000000e+00 0.00000000e+00 0.00000000e+00 0.00000000e+00
  0.00000000e+00 1.15384615e+11]]
6 dsig_ddeps: [[2.01923077e+11 8.65384615e+10 8.65384615e+10 0.00000000e+00
  0.00000000e+00 0.00000000e+00]
 [8.65384615e+10 2.01923077e+11 8.65384615e+10 0.00000000e+00
  0.00000000e+00 0.00000000e+00]
 [8.65384615e+10 8.65384615e+10 2.01923077e+11 0.00000000e+00
  0.00000000e+00 0.00000000e+00]
 [0.00000000e+00 0.00000000e+00 0.00000000e+00 1.15384615e+11
  0.00000000e+00 0.00000000e+00]
 [0.00000000e+00 0.00000000e+00 0.00000000e+00 0.00000000e+00
  1.15384615e+11 0.00000000e+00]
 [0.00000000e+00 0.00000000e+00 0.00000000e+00 0.00000000e+00
  0.00000000e+00 1.15384615e+11]]
Newton solver: converged after 4 iterations.
6 C: [[2.01923077e+11 8.65384615e+10 8.65384615e+10 0.00000000e+00
  0.00000000e+00 0.00000000e+00]
 [8.65384615e+10 2.01923077e+11 8.65384615e+10 0.00000000e+00
  0.00000000e+00 0.00000000e+00]
 [8.65384615e+10 8.65384615e+10 2.01923077e+11 0.00000000e+00
  0.00000000e+00 0.00000000e+00]
 [0.00000000e+00 0.00000000e+00 0.00000000e+00 1.15384615e+11
  0.00000000e+00 0.00000000e+00]
 [0.00000000e+00 0.00000000e+00 0.00000000e+00 0.00000000e+00
  1.15384615e+11 0.00000000e+00]
 [0.00000000e+00 0.00000000e+00 0.00000000e+00 0.00000000e+00
  0.00000000e+00 1.15384615e+11]]
6 dsig_ddeps: [[ 1.78478773e+11  6.63691575e+10  6.63691575e+10  0.00000000e+00
   0.00000000e+00 -3.91265260e+10]
 [ 6.63691575e+10  1.78478773e+11  6.63691575e+10  0.00000000e+00
   0.00000000e+00 -3.91265260e+10]
 [ 6.63691575e+10  6.63691575e+10  1.78478773e+11  0.00000000e+00
   0.00000000e+00 -3.91265260e+10]
 [ 0.00000000e+00  0.00000000e+00  0.00000000e+00  1.12109616e+11
   0.00000000e+00  0.00000000e+00]
 [ 0.00000000e+00  0.00000000e+00  0.00000000e+00  0.00000000e+00
   1.12109616e+11  0.00000000e+00]
 [-3.93141420e+10 -3.93141420e+10 -3.93141420e+10  0.00000000e+00
   0.00000000e+00  1.35244210e+10]]
6 C: [[2.01923077e+11 8.65384615e+10 8.65384615e+10 0.00000000e+00
  0.00000000e+00 0.00000000e+00]
 [8.65384615e+10 2.01923077e+11 8.65384615e+10 0.00000000e+00
  0.00000000e+00 0.00000000e+00]
 [8.65384615e+10 8.65384615e+10 2.01923077e+11 0.00000000e+00
  0.00000000e+00 0.00000000e+00]
 [0.00000000e+00 0.00000000e+00 0.00000000e+00 1.15384615e+11
  0.00000000e+00 0.00000000e+00]
 [0.00000000e+00 0.00000000e+00 0.00000000e+00 0.00000000e+00
  1.15384615e+11 0.00000000e+00]
 [0.00000000e+00 0.00000000e+00 0.00000000e+00 0.00000000e+00
  0.00000000e+00 1.15384615e+11]]
6 dsig_ddeps: [[2.01923077e+11 8.65384615e+10 8.65384615e+10 0.00000000e+00
  0.00000000e+00 0.00000000e+00]
 [8.65384615e+10 2.01923077e+11 8.65384615e+10 0.00000000e+00
  0.00000000e+00 0.00000000e+00]
 [8.65384615e+10 8.65384615e+10 2.01923077e+11 0.00000000e+00
  0.00000000e+00 0.00000000e+00]
 [0.00000000e+00 0.00000000e+00 0.00000000e+00 1.15384615e+11
  0.00000000e+00 0.00000000e+00]
 [0.00000000e+00 0.00000000e+00 0.00000000e+00 0.00000000e+00
  1.15384615e+11 0.00000000e+00]
 [0.00000000e+00 0.00000000e+00 0.00000000e+00 0.00000000e+00
  0.00000000e+00 1.15384615e+11]]
Newton solver: converged after 4 iterations.
6 C: [[2.01923077e+11 8.65384615e+10 8.65384615e+10 0.00000000e+00
  0.00000000e+00 0.00000000e+00]
 [8.65384615e+10 2.01923077e+11 8.65384615e+10 0.00000000e+00
  0.00000000e+00 0.00000000e+00]
 [8.65384615e+10 8.65384615e+10 2.01923077e+11 0.00000000e+00
  0.00000000e+00 0.00000000e+00]
 [0.00000000e+00 0.00000000e+00 0.00000000e+00 1.15384615e+11
  0.00000000e+00 0.00000000e+00]
 [0.00000000e+00 0.00000000e+00 0.00000000e+00 0.00000000e+00
  1.15384615e+11 0.00000000e+00]
 [0.00000000e+00 0.00000000e+00 0.00000000e+00 0.00000000e+00
  0.00000000e+00 1.15384615e+11]]
6 dsig_ddeps: [[ 1.78478773e+11  6.63691575e+10  6.63691575e+10  0.00000000e+00
   0.00000000e+00 -3.91265260e+10]
 [ 6.63691575e+10  1.78478773e+11  6.63691575e+10  0.00000000e+00
   0.00000000e+00 -3.91265260e+10]
 [ 6.63691575e+10  6.63691575e+10  1.78478773e+11  0.00000000e+00
   0.00000000e+00 -3.91265260e+10]
 [ 0.00000000e+00  0.00000000e+00  0.00000000e+00  1.12109616e+11
   0.00000000e+00  0.00000000e+00]
 [ 0.00000000e+00  0.00000000e+00  0.00000000e+00  0.00000000e+00
   1.12109616e+11  0.00000000e+00]
 [-3.93141420e+10 -3.93141420e+10 -3.93141420e+10  0.00000000e+00
   0.00000000e+00  1.35244210e+10]]
6 C: [[2.01923077e+11 8.65384615e+10 8.65384615e+10 0.00000000e+00
  0.00000000e+00 0.00000000e+00]
 [8.65384615e+10 2.01923077e+11 8.65384615e+10 0.00000000e+00
  0.00000000e+00 0.00000000e+00]
 [8.65384615e+10 8.65384615e+10 2.01923077e+11 0.00000000e+00
  0.00000000e+00 0.00000000e+00]
 [0.00000000e+00 0.00000000e+00 0.00000000e+00 1.15384615e+11
  0.00000000e+00 0.00000000e+00]
 [0.00000000e+00 0.00000000e+00 0.00000000e+00 0.00000000e+00
  1.15384615e+11 0.00000000e+00]
 [0.00000000e+00 0.00000000e+00 0.00000000e+00 0.00000000e+00
  0.00000000e+00 1.15384615e+11]]
6 dsig_ddeps: [[2.01923077e+11 8.65384615e+10 8.65384615e+10 0.00000000e+00
  0.00000000e+00 0.00000000e+00]
 [8.65384615e+10 2.01923077e+11 8.65384615e+10 0.00000000e+00
  0.00000000e+00 0.00000000e+00]
 [8.65384615e+10 8.65384615e+10 2.01923077e+11 0.00000000e+00
  0.00000000e+00 0.00000000e+00]
 [0.00000000e+00 0.00000000e+00 0.00000000e+00 1.15384615e+11
  0.00000000e+00 0.00000000e+00]
 [0.00000000e+00 0.00000000e+00 0.00000000e+00 0.00000000e+00
  1.15384615e+11 0.00000000e+00]
 [0.00000000e+00 0.00000000e+00 0.00000000e+00 0.00000000e+00
  0.00000000e+00 1.15384615e+11]]
Newton solver: converged after 4 iterations.
6 C: [[2.01923077e+11 8.65384615e+10 8.65384615e+10 0.00000000e+00
  0.00000000e+00 0.00000000e+00]
 [8.65384615e+10 2.01923077e+11 8.65384615e+10 0.00000000e+00
  0.00000000e+00 0.00000000e+00]
 [8.65384615e+10 8.65384615e+10 2.01923077e+11 0.00000000e+00
  0.00000000e+00 0.00000000e+00]
 [0.00000000e+00 0.00000000e+00 0.00000000e+00 1.15384615e+11
  0.00000000e+00 0.00000000e+00]
 [0.00000000e+00 0.00000000e+00 0.00000000e+00 0.00000000e+00
  1.15384615e+11 0.00000000e+00]
 [0.00000000e+00 0.00000000e+00 0.00000000e+00 0.00000000e+00
  0.00000000e+00 1.15384615e+11]]
6 dsig_ddeps: [[ 1.78478773e+11  6.63691575e+10  6.63691575e+10  0.00000000e+00
   0.00000000e+00 -3.91265260e+10]
 [ 6.63691575e+10  1.78478773e+11  6.63691575e+10  0.00000000e+00
   0.00000000e+00 -3.91265260e+10]
 [ 6.63691575e+10  6.63691575e+10  1.78478773e+11  0.00000000e+00
   0.00000000e+00 -3.91265260e+10]
 [ 0.00000000e+00  0.00000000e+00  0.00000000e+00  1.12109616e+11
   0.00000000e+00  0.00000000e+00]
 [ 0.00000000e+00  0.00000000e+00  0.00000000e+00  0.00000000e+00
   1.12109616e+11  0.00000000e+00]
 [-3.93141420e+10 -3.93141420e+10 -3.93141420e+10  0.00000000e+00
   0.00000000e+00  1.35244210e+10]]
6 C: [[2.01923077e+11 8.65384615e+10 8.65384615e+10 0.00000000e+00
  0.00000000e+00 0.00000000e+00]
 [8.65384615e+10 2.01923077e+11 8.65384615e+10 0.00000000e+00
  0.00000000e+00 0.00000000e+00]
 [8.65384615e+10 8.65384615e+10 2.01923077e+11 0.00000000e+00
  0.00000000e+00 0.00000000e+00]
 [0.00000000e+00 0.00000000e+00 0.00000000e+00 1.15384615e+11
  0.00000000e+00 0.00000000e+00]
 [0.00000000e+00 0.00000000e+00 0.00000000e+00 0.00000000e+00
  1.15384615e+11 0.00000000e+00]
 [0.00000000e+00 0.00000000e+00 0.00000000e+00 0.00000000e+00
  0.00000000e+00 1.15384615e+11]]
6 dsig_ddeps: [[2.01923077e+11 8.65384615e+10 8.65384615e+10 0.00000000e+00
  0.00000000e+00 0.00000000e+00]
 [8.65384615e+10 2.01923077e+11 8.65384615e+10 0.00000000e+00
  0.00000000e+00 0.00000000e+00]
 [8.65384615e+10 8.65384615e+10 2.01923077e+11 0.00000000e+00
  0.00000000e+00 0.00000000e+00]
 [0.00000000e+00 0.00000000e+00 0.00000000e+00 1.15384615e+11
  0.00000000e+00 0.00000000e+00]
 [0.00000000e+00 0.00000000e+00 0.00000000e+00 0.00000000e+00
  1.15384615e+11 0.00000000e+00]
 [0.00000000e+00 0.00000000e+00 0.00000000e+00 0.00000000e+00
  0.00000000e+00 1.15384615e+11]]
Newton solver: converged after 4 iterations.
6 C: [[2.01923077e+11 8.65384615e+10 8.65384615e+10 0.00000000e+00
  0.00000000e+00 0.00000000e+00]
 [8.65384615e+10 2.01923077e+11 8.65384615e+10 0.00000000e+00
  0.00000000e+00 0.00000000e+00]
 [8.65384615e+10 8.65384615e+10 2.01923077e+11 0.00000000e+00
  0.00000000e+00 0.00000000e+00]
 [0.00000000e+00 0.00000000e+00 0.00000000e+00 1.15384615e+11
  0.00000000e+00 0.00000000e+00]
 [0.00000000e+00 0.00000000e+00 0.00000000e+00 0.00000000e+00
  1.15384615e+11 0.00000000e+00]
 [0.00000000e+00 0.00000000e+00 0.00000000e+00 0.00000000e+00
  0.00000000e+00 1.15384615e+11]]
6 dsig_ddeps: [[ 1.78478773e+11  6.63691575e+10  6.63691575e+10  0.00000000e+00
   0.00000000e+00 -3.91265260e+10]
 [ 6.63691575e+10  1.78478773e+11  6.63691575e+10  0.00000000e+00
   0.00000000e+00 -3.91265260e+10]
 [ 6.63691575e+10  6.63691575e+10  1.78478773e+11  0.00000000e+00
   0.00000000e+00 -3.91265260e+10]
 [ 0.00000000e+00  0.00000000e+00  0.00000000e+00  1.12109616e+11
   0.00000000e+00  0.00000000e+00]
 [ 0.00000000e+00  0.00000000e+00  0.00000000e+00  0.00000000e+00
   1.12109616e+11  0.00000000e+00]
 [-3.93141420e+10 -3.93141420e+10 -3.93141420e+10  0.00000000e+00
   0.00000000e+00  1.35244210e+10]]
6 C: [[2.01923077e+11 8.65384615e+10 8.65384615e+10 0.00000000e+00
  0.00000000e+00 0.00000000e+00]
 [8.65384615e+10 2.01923077e+11 8.65384615e+10 0.00000000e+00
  0.00000000e+00 0.00000000e+00]
 [8.65384615e+10 8.65384615e+10 2.01923077e+11 0.00000000e+00
  0.00000000e+00 0.00000000e+00]
 [0.00000000e+00 0.00000000e+00 0.00000000e+00 1.15384615e+11
  0.00000000e+00 0.00000000e+00]
 [0.00000000e+00 0.00000000e+00 0.00000000e+00 0.00000000e+00
  1.15384615e+11 0.00000000e+00]
 [0.00000000e+00 0.00000000e+00 0.00000000e+00 0.00000000e+00
  0.00000000e+00 1.15384615e+11]]
6 dsig_ddeps: [[2.01923077e+11 8.65384615e+10 8.65384615e+10 0.00000000e+00
  0.00000000e+00 0.00000000e+00]
 [8.65384615e+10 2.01923077e+11 8.65384615e+10 0.00000000e+00
  0.00000000e+00 0.00000000e+00]
 [8.65384615e+10 8.65384615e+10 2.01923077e+11 0.00000000e+00
  0.00000000e+00 0.00000000e+00]
 [0.00000000e+00 0.00000000e+00 0.00000000e+00 1.15384615e+11
  0.00000000e+00 0.00000000e+00]
 [0.00000000e+00 0.00000000e+00 0.00000000e+00 0.00000000e+00
  1.15384615e+11 0.00000000e+00]
 [0.00000000e+00 0.00000000e+00 0.00000000e+00 0.00000000e+00
  0.00000000e+00 1.15384615e+11]]
Newton solver: converged after 4 iterations.
6 C: [[2.01923077e+11 8.65384615e+10 8.65384615e+10 0.00000000e+00
  0.00000000e+00 0.00000000e+00]
 [8.65384615e+10 2.01923077e+11 8.65384615e+10 0.00000000e+00
  0.00000000e+00 0.00000000e+00]
 [8.65384615e+10 8.65384615e+10 2.01923077e+11 0.00000000e+00
  0.00000000e+00 0.00000000e+00]
 [0.00000000e+00 0.00000000e+00 0.00000000e+00 1.15384615e+11
  0.00000000e+00 0.00000000e+00]
 [0.00000000e+00 0.00000000e+00 0.00000000e+00 0.00000000e+00
  1.15384615e+11 0.00000000e+00]
 [0.00000000e+00 0.00000000e+00 0.00000000e+00 0.00000000e+00
  0.00000000e+00 1.15384615e+11]]
6 dsig_ddeps: [[ 1.78478773e+11  6.63691575e+10  6.63691575e+10  0.00000000e+00
   0.00000000e+00 -3.91265260e+10]
 [ 6.63691575e+10  1.78478773e+11  6.63691575e+10  0.00000000e+00
   0.00000000e+00 -3.91265260e+10]
 [ 6.63691575e+10  6.63691575e+10  1.78478773e+11  0.00000000e+00
   0.00000000e+00 -3.91265260e+10]
 [ 0.00000000e+00  0.00000000e+00  0.00000000e+00  1.12109616e+11
   0.00000000e+00  0.00000000e+00]
 [ 0.00000000e+00  0.00000000e+00  0.00000000e+00  0.00000000e+00
   1.12109616e+11  0.00000000e+00]
 [-3.93141420e+10 -3.93141420e+10 -3.93141420e+10  0.00000000e+00
   0.00000000e+00  1.35244210e+10]]
6 C: [[2.01923077e+11 8.65384615e+10 8.65384615e+10 0.00000000e+00
  0.00000000e+00 0.00000000e+00]
 [8.65384615e+10 2.01923077e+11 8.65384615e+10 0.00000000e+00
  0.00000000e+00 0.00000000e+00]
 [8.65384615e+10 8.65384615e+10 2.01923077e+11 0.00000000e+00
  0.00000000e+00 0.00000000e+00]
 [0.00000000e+00 0.00000000e+00 0.00000000e+00 1.15384615e+11
  0.00000000e+00 0.00000000e+00]
 [0.00000000e+00 0.00000000e+00 0.00000000e+00 0.00000000e+00
  1.15384615e+11 0.00000000e+00]
 [0.00000000e+00 0.00000000e+00 0.00000000e+00 0.00000000e+00
  0.00000000e+00 1.15384615e+11]]
6 dsig_ddeps: [[2.01923077e+11 8.65384615e+10 8.65384615e+10 0.00000000e+00
  0.00000000e+00 0.00000000e+00]
 [8.65384615e+10 2.01923077e+11 8.65384615e+10 0.00000000e+00
  0.00000000e+00 0.00000000e+00]
 [8.65384615e+10 8.65384615e+10 2.01923077e+11 0.00000000e+00
  0.00000000e+00 0.00000000e+00]
 [0.00000000e+00 0.00000000e+00 0.00000000e+00 1.15384615e+11
  0.00000000e+00 0.00000000e+00]
 [0.00000000e+00 0.00000000e+00 0.00000000e+00 0.00000000e+00
  1.15384615e+11 0.00000000e+00]
 [0.00000000e+00 0.00000000e+00 0.00000000e+00 0.00000000e+00
  0.00000000e+00 1.15384615e+11]]
Newton solver: converged after 4 iterations.
6 C: [[2.01923077e+11 8.65384615e+10 8.65384615e+10 0.00000000e+00
  0.00000000e+00 0.00000000e+00]
 [8.65384615e+10 2.01923077e+11 8.65384615e+10 0.00000000e+00
  0.00000000e+00 0.00000000e+00]
 [8.65384615e+10 8.65384615e+10 2.01923077e+11 0.00000000e+00
  0.00000000e+00 0.00000000e+00]
 [0.00000000e+00 0.00000000e+00 0.00000000e+00 1.15384615e+11
  0.00000000e+00 0.00000000e+00]
 [0.00000000e+00 0.00000000e+00 0.00000000e+00 0.00000000e+00
  1.15384615e+11 0.00000000e+00]
 [0.00000000e+00 0.00000000e+00 0.00000000e+00 0.00000000e+00
  0.00000000e+00 1.15384615e+11]]
6 dsig_ddeps: [[ 1.78478773e+11  6.63691575e+10  6.63691575e+10  0.00000000e+00
   0.00000000e+00 -3.91265260e+10]
 [ 6.63691575e+10  1.78478773e+11  6.63691575e+10  0.00000000e+00
   0.00000000e+00 -3.91265260e+10]
 [ 6.63691575e+10  6.63691575e+10  1.78478773e+11  0.00000000e+00
   0.00000000e+00 -3.91265260e+10]
 [ 0.00000000e+00  0.00000000e+00  0.00000000e+00  1.12109616e+11
   0.00000000e+00  0.00000000e+00]
 [ 0.00000000e+00  0.00000000e+00  0.00000000e+00  0.00000000e+00
   1.12109616e+11  0.00000000e+00]
 [-3.93141420e+10 -3.93141420e+10 -3.93141420e+10  0.00000000e+00
   0.00000000e+00  1.35244210e+10]]
6 C: [[2.01923077e+11 8.65384615e+10 8.65384615e+10 0.00000000e+00
  0.00000000e+00 0.00000000e+00]
 [8.65384615e+10 2.01923077e+11 8.65384615e+10 0.00000000e+00
  0.00000000e+00 0.00000000e+00]
 [8.65384615e+10 8.65384615e+10 2.01923077e+11 0.00000000e+00
  0.00000000e+00 0.00000000e+00]
 [0.00000000e+00 0.00000000e+00 0.00000000e+00 1.15384615e+11
  0.00000000e+00 0.00000000e+00]
 [0.00000000e+00 0.00000000e+00 0.00000000e+00 0.00000000e+00
  1.15384615e+11 0.00000000e+00]
 [0.00000000e+00 0.00000000e+00 0.00000000e+00 0.00000000e+00
  0.00000000e+00 1.15384615e+11]]
6 dsig_ddeps: [[2.01923077e+11 8.65384615e+10 8.65384615e+10 0.00000000e+00
  0.00000000e+00 0.00000000e+00]
 [8.65384615e+10 2.01923077e+11 8.65384615e+10 0.00000000e+00
  0.00000000e+00 0.00000000e+00]
 [8.65384615e+10 8.65384615e+10 2.01923077e+11 0.00000000e+00
  0.00000000e+00 0.00000000e+00]
 [0.00000000e+00 0.00000000e+00 0.00000000e+00 1.15384615e+11
  0.00000000e+00 0.00000000e+00]
 [0.00000000e+00 0.00000000e+00 0.00000000e+00 0.00000000e+00
  1.15384615e+11 0.00000000e+00]
 [0.00000000e+00 0.00000000e+00 0.00000000e+00 0.00000000e+00
  0.00000000e+00 1.15384615e+11]]
Newton solver: converged after 4 iterations.
6 C: [[2.01923077e+11 8.65384615e+10 8.65384615e+10 0.00000000e+00
  0.00000000e+00 0.00000000e+00]
 [8.65384615e+10 2.01923077e+11 8.65384615e+10 0.00000000e+00
  0.00000000e+00 0.00000000e+00]
 [8.65384615e+10 8.65384615e+10 2.01923077e+11 0.00000000e+00
  0.00000000e+00 0.00000000e+00]
 [0.00000000e+00 0.00000000e+00 0.00000000e+00 1.15384615e+11
  0.00000000e+00 0.00000000e+00]
 [0.00000000e+00 0.00000000e+00 0.00000000e+00 0.00000000e+00
  1.15384615e+11 0.00000000e+00]
 [0.00000000e+00 0.00000000e+00 0.00000000e+00 0.00000000e+00
  0.00000000e+00 1.15384615e+11]]
6 dsig_ddeps: [[ 1.78478773e+11  6.63691575e+10  6.63691575e+10  0.00000000e+00
   0.00000000e+00 -3.91265260e+10]
 [ 6.63691575e+10  1.78478773e+11  6.63691575e+10  0.00000000e+00
   0.00000000e+00 -3.91265260e+10]
 [ 6.63691575e+10  6.63691575e+10  1.78478773e+11  0.00000000e+00
   0.00000000e+00 -3.91265260e+10]
 [ 0.00000000e+00  0.00000000e+00  0.00000000e+00  1.12109616e+11
   0.00000000e+00  0.00000000e+00]
 [ 0.00000000e+00  0.00000000e+00  0.00000000e+00  0.00000000e+00
   1.12109616e+11  0.00000000e+00]
 [-3.93141420e+10 -3.93141420e+10 -3.93141420e+10  0.00000000e+00
   0.00000000e+00  1.35244210e+10]]
6 C: [[2.01923077e+11 8.65384615e+10 8.65384615e+10 0.00000000e+00
  0.00000000e+00 0.00000000e+00]
 [8.65384615e+10 2.01923077e+11 8.65384615e+10 0.00000000e+00
  0.00000000e+00 0.00000000e+00]
 [8.65384615e+10 8.65384615e+10 2.01923077e+11 0.00000000e+00
  0.00000000e+00 0.00000000e+00]
 [0.00000000e+00 0.00000000e+00 0.00000000e+00 1.15384615e+11
  0.00000000e+00 0.00000000e+00]
 [0.00000000e+00 0.00000000e+00 0.00000000e+00 0.00000000e+00
  1.15384615e+11 0.00000000e+00]
 [0.00000000e+00 0.00000000e+00 0.00000000e+00 0.00000000e+00
  0.00000000e+00 1.15384615e+11]]
6 dsig_ddeps: [[2.01923077e+11 8.65384615e+10 8.65384615e+10 0.00000000e+00
  0.00000000e+00 0.00000000e+00]
 [8.65384615e+10 2.01923077e+11 8.65384615e+10 0.00000000e+00
  0.00000000e+00 0.00000000e+00]
 [8.65384615e+10 8.65384615e+10 2.01923077e+11 0.00000000e+00
  0.00000000e+00 0.00000000e+00]
 [0.00000000e+00 0.00000000e+00 0.00000000e+00 1.15384615e+11
  0.00000000e+00 0.00000000e+00]
 [0.00000000e+00 0.00000000e+00 0.00000000e+00 0.00000000e+00
  1.15384615e+11 0.00000000e+00]
 [0.00000000e+00 0.00000000e+00 0.00000000e+00 0.00000000e+00
  0.00000000e+00 1.15384615e+11]]
Newton solver: converged after 4 iterations.
6 C: [[2.01923077e+11 8.65384615e+10 8.65384615e+10 0.00000000e+00
  0.00000000e+00 0.00000000e+00]
 [8.65384615e+10 2.01923077e+11 8.65384615e+10 0.00000000e+00
  0.00000000e+00 0.00000000e+00]
 [8.65384615e+10 8.65384615e+10 2.01923077e+11 0.00000000e+00
  0.00000000e+00 0.00000000e+00]
 [0.00000000e+00 0.00000000e+00 0.00000000e+00 1.15384615e+11
  0.00000000e+00 0.00000000e+00]
 [0.00000000e+00 0.00000000e+00 0.00000000e+00 0.00000000e+00
  1.15384615e+11 0.00000000e+00]
 [0.00000000e+00 0.00000000e+00 0.00000000e+00 0.00000000e+00
  0.00000000e+00 1.15384615e+11]]
6 dsig_ddeps: [[ 1.78478773e+11  6.63691575e+10  6.63691575e+10  0.00000000e+00
   0.00000000e+00 -3.91265260e+10]
 [ 6.63691575e+10  1.78478773e+11  6.63691575e+10  0.00000000e+00
   0.00000000e+00 -3.91265260e+10]
 [ 6.63691575e+10  6.63691575e+10  1.78478773e+11  0.00000000e+00
   0.00000000e+00 -3.91265260e+10]
 [ 0.00000000e+00  0.00000000e+00  0.00000000e+00  1.12109616e+11
   0.00000000e+00  0.00000000e+00]
 [ 0.00000000e+00  0.00000000e+00  0.00000000e+00  0.00000000e+00
   1.12109616e+11  0.00000000e+00]
 [-3.93141420e+10 -3.93141420e+10 -3.93141420e+10  0.00000000e+00
   0.00000000e+00  1.35244210e+10]]
6 C: [[2.01923077e+11 8.65384615e+10 8.65384615e+10 0.00000000e+00
  0.00000000e+00 0.00000000e+00]
 [8.65384615e+10 2.01923077e+11 8.65384615e+10 0.00000000e+00
  0.00000000e+00 0.00000000e+00]
 [8.65384615e+10 8.65384615e+10 2.01923077e+11 0.00000000e+00
  0.00000000e+00 0.00000000e+00]
 [0.00000000e+00 0.00000000e+00 0.00000000e+00 1.15384615e+11
  0.00000000e+00 0.00000000e+00]
 [0.00000000e+00 0.00000000e+00 0.00000000e+00 0.00000000e+00
  1.15384615e+11 0.00000000e+00]
 [0.00000000e+00 0.00000000e+00 0.00000000e+00 0.00000000e+00
  0.00000000e+00 1.15384615e+11]]
6 dsig_ddeps: [[2.01923077e+11 8.65384615e+10 8.65384615e+10 0.00000000e+00
  0.00000000e+00 0.00000000e+00]
 [8.65384615e+10 2.01923077e+11 8.65384615e+10 0.00000000e+00
  0.00000000e+00 0.00000000e+00]
 [8.65384615e+10 8.65384615e+10 2.01923077e+11 0.00000000e+00
  0.00000000e+00 0.00000000e+00]
 [0.00000000e+00 0.00000000e+00 0.00000000e+00 1.15384615e+11
  0.00000000e+00 0.00000000e+00]
 [0.00000000e+00 0.00000000e+00 0.00000000e+00 0.00000000e+00
  1.15384615e+11 0.00000000e+00]
 [0.00000000e+00 0.00000000e+00 0.00000000e+00 0.00000000e+00
  0.00000000e+00 1.15384615e+11]]
Newton solver: converged after 4 iterations.
6 C: [[2.01923077e+11 8.65384615e+10 8.65384615e+10 0.00000000e+00
  0.00000000e+00 0.00000000e+00]
 [8.65384615e+10 2.01923077e+11 8.65384615e+10 0.00000000e+00
  0.00000000e+00 0.00000000e+00]
 [8.65384615e+10 8.65384615e+10 2.01923077e+11 0.00000000e+00
  0.00000000e+00 0.00000000e+00]
 [0.00000000e+00 0.00000000e+00 0.00000000e+00 1.15384615e+11
  0.00000000e+00 0.00000000e+00]
 [0.00000000e+00 0.00000000e+00 0.00000000e+00 0.00000000e+00
  1.15384615e+11 0.00000000e+00]
 [0.00000000e+00 0.00000000e+00 0.00000000e+00 0.00000000e+00
  0.00000000e+00 1.15384615e+11]]
6 dsig_ddeps: [[ 1.78478773e+11  6.63691575e+10  6.63691575e+10  0.00000000e+00
   0.00000000e+00 -3.91265260e+10]
 [ 6.63691575e+10  1.78478773e+11  6.63691575e+10  0.00000000e+00
   0.00000000e+00 -3.91265260e+10]
 [ 6.63691575e+10  6.63691575e+10  1.78478773e+11  0.00000000e+00
   0.00000000e+00 -3.91265260e+10]
 [ 0.00000000e+00  0.00000000e+00  0.00000000e+00  1.12109616e+11
   0.00000000e+00  0.00000000e+00]
 [ 0.00000000e+00  0.00000000e+00  0.00000000e+00  0.00000000e+00
   1.12109616e+11  0.00000000e+00]
 [-3.93141420e+10 -3.93141420e+10 -3.93141420e+10  0.00000000e+00
   0.00000000e+00  1.35244210e+10]]
------------------

[0;31m---------------------------------------------------------------------------[0m
[0;31mRuntimeError[0m                              Traceback (most recent call last)
Cell [0;32mIn[8], line 67[0m
[1;32m     63[0m     [38;5;66;03m#print("Current epsilon")[39;00m
[1;32m     64[0m     [38;5;66;03m#print( eps[-1]+deps )[39;00m
[1;32m     65[0m     [38;5;66;03m#print("deps:",deps)[39;00m
[1;32m     66[0m     [38;5;28;01mif[39;00m j[38;5;241m>[39m[38;5;241m30[39m:
[0;32m---> 67[0m         [38;5;28;01mraise[39;00m [38;5;167;01mRuntimeError[39;00m([38;5;124m"[39m[38;5;124mToo many iterations[39m[38;5;124m"[39m)
[1;32m     68[0m [38;5;28mprint[39m(i, [38;5;124m"[39m[38;5;124msig_:[39m[38;5;124m"[39m, sig_)
[1;32m     69[0m eps[38;5;241m.[39mappend(eps_[38;5;241m.[39mcopy())

[0;31mRuntimeError[0m: Too many iterations

